[08:39:06] [main/INFO]: [VML] File entityCulling.jar already exists, skipping file creation
[08:39:06] [main/INFO]: [VML] Opening url stream
[08:39:06] [main/INFO]: [VML] Reading stream to file entityCulling.jar
[08:39:06] [main/INFO]: [VML] Closing url stream for file: entityCulling.jar
[08:39:06] [main/INFO]: [VML] File ferriteCore.jar already exists, skipping file creation
[08:39:06] [main/INFO]: [VML] Opening url stream
[08:39:07] [main/INFO]: [VML] Reading stream to file ferriteCore.jar
[08:39:07] [main/INFO]: [VML] Closing url stream for file: ferriteCore.jar
[08:39:07] [main/INFO]: [VML] File notEnoughAnimations.jar already exists, skipping file creation
[08:39:07] [main/INFO]: [VML] Opening url stream
[08:39:07] [main/INFO]: [VML] Reading stream to file notEnoughAnimations.jar
[08:39:07] [main/INFO]: [VML] Closing url stream for file: notEnoughAnimations.jar
[08:39:07] [main/INFO]: [VML] File lithium.jar already exists, skipping file creation
[08:39:07] [main/INFO]: [VML] Opening url stream
[08:39:07] [main/INFO]: [VML] Reading stream to file lithium.jar
[08:39:07] [main/INFO]: [VML] Closing url stream for file: lithium.jar
[08:39:07] [main/INFO]: [VML] File collective.jar already exists, skipping file creation
[08:39:07] [main/INFO]: [VML] Opening url stream
[08:39:07] [main/INFO]: [VML] Reading stream to file collective.jar
[08:39:07] [main/INFO]: [VML] Closing url stream for file: collective.jar
[08:39:07] [main/INFO]: [VML] File reesesSodiumOptions.jar already exists, skipping file creation
[08:39:07] [main/INFO]: [VML] Opening url stream
[08:39:07] [main/INFO]: [VML] Reading stream to file reesesSodiumOptions.jar
[08:39:07] [main/INFO]: [VML] Closing url stream for file: reesesSodiumOptions.jar
[08:39:07] [main/INFO]: [VML] File irisMod.jar already exists, skipping file creation
[08:39:07] [main/INFO]: [VML] Opening url stream
[08:39:07] [main/INFO]: [VML] Reading stream to file irisMod.jar
[08:39:07] [main/INFO]: [VML] Closing url stream for file: irisMod.jar
[08:39:07] [main/INFO]: [VML] File midnightlib.jar already exists, skipping file creation
[08:39:07] [main/INFO]: [VML] Opening url stream
[08:39:07] [main/INFO]: [VML] Reading stream to file midnightlib.jar
[08:39:07] [main/INFO]: [VML] Closing url stream for file: midnightlib.jar
[08:39:07] [main/INFO]: [VML] File voiceChat.jar already exists, skipping file creation
[08:39:07] [main/INFO]: [VML] Opening url stream
[08:39:07] [main/INFO]: [VML] Reading stream to file voiceChat.jar
[08:39:07] [main/INFO]: [VML] Closing url stream for file: voiceChat.jar
[08:39:07] [main/INFO]: [VML] File indium.jar already exists, skipping file creation
[08:39:07] [main/INFO]: [VML] Opening url stream
[08:39:07] [main/INFO]: [VML] Reading stream to file indium.jar
[08:39:07] [main/INFO]: [VML] Closing url stream for file: indium.jar
[08:39:07] [main/INFO]: [VML] File qfapi.jar already exists, skipping file creation
[08:39:07] [main/INFO]: [VML] Opening url stream
[08:39:07] [main/INFO]: [VML] Reading stream to file qfapi.jar
[08:39:07] [main/INFO]: [VML] Closing url stream for file: qfapi.jar
[08:39:07] [main/INFO]: [VML] File sodiumExtra.jar already exists, skipping file creation
[08:39:07] [main/INFO]: [VML] Opening url stream
[08:39:07] [main/INFO]: [VML] Reading stream to file sodiumExtra.jar
[08:39:07] [main/INFO]: [VML] Closing url stream for file: sodiumExtra.jar
[08:39:07] [main/INFO]: [VML] File modernFix.jar already exists, skipping file creation
[08:39:07] [main/INFO]: [VML] Opening url stream
[08:39:07] [main/INFO]: [VML] Reading stream to file modernFix.jar
[08:39:07] [main/INFO]: [VML] Closing url stream for file: modernFix.jar
[08:39:07] [main/INFO]: [VML] File replayMod.jar already exists, skipping file creation
[08:39:07] [main/INFO]: [VML] Opening url stream
[08:39:07] [main/INFO]: [VML] Reading stream to file replayMod.jar
[08:39:08] [main/INFO]: [VML] Closing url stream for file: replayMod.jar
[08:39:08] [main/INFO]: [VML] File chatheads.jar already exists, skipping file creation
[08:39:08] [main/INFO]: [VML] Opening url stream
[08:39:08] [main/INFO]: [VML] Reading stream to file chatheads.jar
[08:39:08] [main/INFO]: [VML] Closing url stream for file: chatheads.jar
[08:39:08] [main/INFO]: [VML] File SMjCoreLib.jar already exists, skipping file creation
[08:39:08] [main/INFO]: [VML] Opening url stream
[08:39:08] [main/INFO]: [VML] Reading stream to file SMjCoreLib.jar
[08:39:08] [main/INFO]: [VML] Closing url stream for file: SMjCoreLib.jar
[08:39:08] [main/INFO]: [VML] File SMjConfigLib.jar already exists, skipping file creation
[08:39:08] [main/INFO]: [VML] Opening url stream
[08:39:08] [main/INFO]: [VML] Reading stream to file SMjConfigLib.jar
[08:39:08] [main/INFO]: [VML] Closing url stream for file: SMjConfigLib.jar
[08:39:08] [main/INFO]: [VML] File memLeakFix.jar already exists, skipping file creation
[08:39:08] [main/INFO]: [VML] Opening url stream
[08:39:08] [main/INFO]: [VML] Reading stream to file memLeakFix.jar
[08:39:08] [main/INFO]: [VML] Closing url stream for file: memLeakFix.jar
[08:39:08] [main/INFO]: [VML] File okZoomer.jar already exists, skipping file creation
[08:39:08] [main/INFO]: [VML] Opening url stream
[08:39:08] [main/INFO]: [VML] Reading stream to file okZoomer.jar
[08:39:08] [main/INFO]: [VML] Closing url stream for file: okZoomer.jar
[08:39:08] [main/INFO]: [VML] File modMenu.jar already exists, skipping file creation
[08:39:08] [main/INFO]: [VML] Opening url stream
[08:39:08] [main/INFO]: [VML] Reading stream to file modMenu.jar
[08:39:08] [main/INFO]: [VML] Closing url stream for file: modMenu.jar
[08:39:08] [main/INFO]: [VML] File shulkerBoxTooltip.jar already exists, skipping file creation
[08:39:08] [main/INFO]: [VML] Opening url stream
[08:39:08] [main/INFO]: [VML] Reading stream to file shulkerBoxTooltip.jar
[08:39:08] [main/INFO]: [VML] Closing url stream for file: shulkerBoxTooltip.jar
[08:39:08] [main/INFO]: [VML] File noChatReports.jar already exists, skipping file creation
[08:39:08] [main/INFO]: [VML] Opening url stream
[08:39:08] [main/INFO]: [VML] Reading stream to file noChatReports.jar
[08:39:08] [main/INFO]: [VML] Closing url stream for file: noChatReports.jar
[08:39:08] [main/INFO]: [VML] File krypton.jar already exists, skipping file creation
[08:39:08] [main/INFO]: [VML] Opening url stream
[08:39:08] [main/INFO]: [VML] Reading stream to file krypton.jar
[08:39:08] [main/INFO]: [VML] Closing url stream for file: krypton.jar
[08:39:08] [main/INFO]: [VML] File fastAnim.jar already exists, skipping file creation
[08:39:08] [main/INFO]: [VML] Opening url stream
[08:39:08] [main/INFO]: [VML] Reading stream to file fastAnim.jar
[08:39:08] [main/INFO]: [VML] Closing url stream for file: fastAnim.jar
[08:39:08] [main/INFO]: [VML] File clothConfig.jar already exists, skipping file creation
[08:39:08] [main/INFO]: [VML] Opening url stream
[08:39:08] [main/INFO]: [VML] Reading stream to file clothConfig.jar
[08:39:08] [main/INFO]: [VML] Closing url stream for file: clothConfig.jar
[08:39:08] [main/INFO]: [VML] File sodium.jar already exists, skipping file creation
[08:39:08] [main/INFO]: [VML] Opening url stream
[08:39:08] [main/INFO]: [VML] Reading stream to file sodium.jar
[08:39:08] [main/INFO]: [VML] Closing url stream for file: sodium.jar
[08:39:08] [main/INFO]: [VML] File voids_mod_loader.jar already exists, skipping file creation
[08:39:08] [main/INFO]: [VML] Opening url stream
[08:39:09] [main/INFO]: [VML] Reading stream to file voids_mod_loader.jar
[08:39:09] [main/INFO]: [VML] Closing url stream for file: voids_mod_loader.jar
[08:39:09] [main/INFO]: [VML] File continuity.jar already exists, skipping file creation
[08:39:09] [main/INFO]: [VML] Opening url stream
[08:39:09] [main/INFO]: [VML] Reading stream to file continuity.jar
[08:39:09] [main/INFO]: [VML] Closing url stream for file: continuity.jar
[08:39:09] [main/INFO]: [VML] File immediatelyFast.jar already exists, skipping file creation
[08:39:09] [main/INFO]: [VML] Opening url stream
[08:39:09] [main/INFO]: [VML] Reading stream to file immediatelyFast.jar
[08:39:09] [main/INFO]: [VML] Closing url stream for file: immediatelyFast.jar
